INFO: [Common 17-701] A license check has taken more than 10 seconds to complete. This may indicate that there is a performance issue with one or more license servers listed in XILINXD_LICENSE_FILE or LM_LICENSE_FILE, or that the license servers are just not responding at all. Try setting the FLEXLM_DIAGNOSTICS environment variable to 3 and running Vivado again to get more information.
#-----------------------------------------------------------
# Vivado v2015.1 (64-bit)
# SW Build 1215546 on Mon Apr 27 19:22:08 MDT 2015
# IP Build 1209967 on Tue Apr 21 11:39:20 MDT 2015
# Start of session at: Mon Aug 11 17:17:03 2025
# Process ID: 21244
# Log file: C:/Users/amuly/OneDrive/Desktop/project.verilog/vivado.log
# Journal file: C:/Users/amuly/OneDrive/Desktop/project.verilog\vivado.jou
#-----------------------------------------------------------
start_gui
open_project C:/Users/amuly/OneDrive/Desktop/project.verilog/4bitadder.project.xpr
INFO: [Project 1-313] Project file moved from 'C:/Users/amuly/deskop/project.verilog' since last save.
WARNING: [Project 1-312] File not found as 'C:/Users/amuly/OneDrive/Desktop/project.verilog/4bitadder.project.srcs/sources_1/new/fulladder.v'; using path 'C:/Users/amuly/deskop/project.verilog/project.verilog.srcs/sources_1/new/fulladder.v' instead.
WARNING: [Project 1-312] File not found as 'C:/Users/amuly/OneDrive/Desktop/project.verilog/4bitadder.project.srcs/sources_1/new/bit4_adder.v'; using path 'C:/Users/amuly/deskop/project.verilog/project.verilog.srcs/sources_1/new/bit4_adder.v' instead.
WARNING: [Project 1-312] File not found as 'C:/Users/amuly/OneDrive/Desktop/project.verilog/4bitadder.project.srcs/sources_1/new/bir4_adder_tb.v'; using path 'C:/Users/amuly/deskop/project.verilog/project.verilog.srcs/sources_1/new/bir4_adder_tb.v' instead.
Scanning sources...
Finished scanning sources
INFO: [IP_Flow 19-234] Refreshing IP repositories
INFO: [IP_Flow 19-1704] No user IP repositories specified
INFO: [IP_Flow 19-2313] Loaded Vivado IP repository 'C:/Xilinx/Vivado/2015.1/data/ip'.
open_project: Time (s): cpu = 00:00:09 ; elapsed = 00:00:06 . Memory (MB): peak = 719.895 ; gain = 155.352
exit
INFO: [Common 17-206] Exiting Vivado at Mon Aug 11 17:17:36 2025...
